[    1319ms] [WARNING] WARN Infinite extent for field "Date": [Infinity, -Infinity] @ http://localhost:8505/static/js/7612.3f409b56.chunk.js:1
[    1319ms] [WARNING] WARN Infinite extent for field "Date": [Infinity, -Infinity] @ http://localhost:8505/static/js/7612.3f409b56.chunk.js:1
[    1319ms] [WARNING] WARN Infinite extent for field "Date": [Infinity, -Infinity] @ http://localhost:8505/static/js/7612.3f409b56.chunk.js:1
[    1320ms] [WARNING] WARN Infinite extent for field "Value": [Infinity, -Infinity] @ http://localhost:8505/static/js/7612.3f409b56.chunk.js:1
[    1320ms] [WARNING] WARN Infinite extent for field "Value": [Infinity, -Infinity] @ http://localhost:8505/static/js/7612.3f409b56.chunk.js:1
[    1329ms] [WARNING] WARN Infinite extent for field "Date": [Infinity, -Infinity] @ http://localhost:8505/static/js/7612.3f409b56.chunk.js:1
[    1432ms] [WARNING] WARN Infinite extent for field "Historical Demand_start": [Infinity, -Infinity] @ http://localhost:8505/static/js/7612.3f409b56.chunk.js:1
[    1433ms] [WARNING] WARN Infinite extent for field "Historical Demand_end": [Infinity, -Infinity] @ http://localhost:8505/static/js/7612.3f409b56.chunk.js:1
[    1439ms] [WARNING] WARN Infinite extent for field "Date": [Infinity, -Infinity] @ http://localhost:8505/static/js/7612.3f409b56.chunk.js:1
[    1439ms] [WARNING] WARN Infinite extent for field "Date": [Infinity, -Infinity] @ http://localhost:8505/static/js/7612.3f409b56.chunk.js:1
[    1439ms] [WARNING] WARN Infinite extent for field "Date": [Infinity, -Infinity] @ http://localhost:8505/static/js/7612.3f409b56.chunk.js:1
[    1439ms] [WARNING] WARN Infinite extent for field "Value": [Infinity, -Infinity] @ http://localhost:8505/static/js/7612.3f409b56.chunk.js:1
[    1439ms] [WARNING] WARN Infinite extent for field "Value": [Infinity, -Infinity] @ http://localhost:8505/static/js/7612.3f409b56.chunk.js:1
[    1445ms] [WARNING] WARN Infinite extent for field "Date": [Infinity, -Infinity] @ http://localhost:8505/static/js/7612.3f409b56.chunk.js:1
[    1445ms] [WARNING] WARN Infinite extent for field "Date": [Infinity, -Infinity] @ http://localhost:8505/static/js/7612.3f409b56.chunk.js:1
[    1445ms] [WARNING] WARN Infinite extent for field "Date": [Infinity, -Infinity] @ http://localhost:8505/static/js/7612.3f409b56.chunk.js:1
[    1446ms] [WARNING] WARN Infinite extent for field "Value": [Infinity, -Infinity] @ http://localhost:8505/static/js/7612.3f409b56.chunk.js:1
[    1446ms] [WARNING] WARN Infinite extent for field "Value": [Infinity, -Infinity] @ http://localhost:8505/static/js/7612.3f409b56.chunk.js:1
[    1451ms] [WARNING] WARN Infinite extent for field "Projected Usage_start": [Infinity, -Infinity] @ http://localhost:8505/static/js/7612.3f409b56.chunk.js:1
[    1451ms] [WARNING] WARN Infinite extent for field "Projected Usage_end": [Infinity, -Infinity] @ http://localhost:8505/static/js/7612.3f409b56.chunk.js:1
[    1455ms] [WARNING] WARN Infinite extent for field "Date": [Infinity, -Infinity] @ http://localhost:8505/static/js/7612.3f409b56.chunk.js:1
[    1455ms] [WARNING] WARN Infinite extent for field "Date": [Infinity, -Infinity] @ http://localhost:8505/static/js/7612.3f409b56.chunk.js:1
[    1455ms] [WARNING] WARN Infinite extent for field "Date": [Infinity, -Infinity] @ http://localhost:8505/static/js/7612.3f409b56.chunk.js:1
[    1456ms] [WARNING] WARN Infinite extent for field "Value": [Infinity, -Infinity] @ http://localhost:8505/static/js/7612.3f409b56.chunk.js:1
[    1456ms] [WARNING] WARN Infinite extent for field "Value": [Infinity, -Infinity] @ http://localhost:8505/static/js/7612.3f409b56.chunk.js:1
[    1459ms] [WARNING] WARN Infinite extent for field "Estimated Value_start": [Infinity, -Infinity] @ http://localhost:8505/static/js/7612.3f409b56.chunk.js:1
[    1459ms] [WARNING] WARN Infinite extent for field "Estimated Value_end": [Infinity, -Infinity] @ http://localhost:8505/static/js/7612.3f409b56.chunk.js:1
[    1463ms] [WARNING] WARN Infinite extent for field "Date": [Infinity, -Infinity] @ http://localhost:8505/static/js/7612.3f409b56.chunk.js:1
[    1473ms] [WARNING] WARN Infinite extent for field "Date": [Infinity, -Infinity] @ http://localhost:8505/static/js/7612.3f409b56.chunk.js:1
[    1486ms] [WARNING] WARN Infinite extent for field "Date": [Infinity, -Infinity] @ http://localhost:8505/static/js/7612.3f409b56.chunk.js:1
[    1538ms] [WARNING] WARN Infinite extent for field "Historical Demand_start": [Infinity, -Infinity] @ http://localhost:8505/static/js/7612.3f409b56.chunk.js:1
[    1538ms] [WARNING] WARN Infinite extent for field "Historical Demand_end": [Infinity, -Infinity] @ http://localhost:8505/static/js/7612.3f409b56.chunk.js:1
