[    2729ms] [WARNING] WARN Infinite extent for field "Date": [Infinity, -Infinity] @ http://localhost:8505/static/js/7612.3f409b56.chunk.js:1
[    2729ms] [WARNING] WARN Infinite extent for field "Date": [Infinity, -Infinity] @ http://localhost:8505/static/js/7612.3f409b56.chunk.js:1
[    2729ms] [WARNING] WARN Infinite extent for field "Date": [Infinity, -Infinity] @ http://localhost:8505/static/js/7612.3f409b56.chunk.js:1
[    2729ms] [WARNING] WARN Infinite extent for field "Value": [Infinity, -Infinity] @ http://localhost:8505/static/js/7612.3f409b56.chunk.js:1
[    2729ms] [WARNING] WARN Infinite extent for field "Value": [Infinity, -Infinity] @ http://localhost:8505/static/js/7612.3f409b56.chunk.js:1
[    2742ms] [WARNING] WARN Infinite extent for field "Date": [Infinity, -Infinity] @ http://localhost:8505/static/js/7612.3f409b56.chunk.js:1
[    2871ms] [WARNING] WARN Scale bindings are currently only supported for scales with unbinned, continuous domains. @ http://localhost:8505/static/js/7612.3f409b56.chunk.js:1
[    2877ms] [WARNING] WARN Infinite extent for field "Historical Demand_start": [Infinity, -Infinity] @ http://localhost:8505/static/js/7612.3f409b56.chunk.js:1
[    2877ms] [WARNING] WARN Infinite extent for field "Historical Demand_end": [Infinity, -Infinity] @ http://localhost:8505/static/js/7612.3f409b56.chunk.js:1
[    2886ms] [WARNING] WARN Infinite extent for field "Date": [Infinity, -Infinity] @ http://localhost:8505/static/js/7612.3f409b56.chunk.js:1
[    2886ms] [WARNING] WARN Infinite extent for field "Date": [Infinity, -Infinity] @ http://localhost:8505/static/js/7612.3f409b56.chunk.js:1
[    2886ms] [WARNING] WARN Infinite extent for field "Date": [Infinity, -Infinity] @ http://localhost:8505/static/js/7612.3f409b56.chunk.js:1
[    2886ms] [WARNING] WARN Infinite extent for field "Value": [Infinity, -Infinity] @ http://localhost:8505/static/js/7612.3f409b56.chunk.js:1
[    2886ms] [WARNING] WARN Infinite extent for field "Value": [Infinity, -Infinity] @ http://localhost:8505/static/js/7612.3f409b56.chunk.js:1
[    2893ms] [WARNING] WARN Infinite extent for field "Date": [Infinity, -Infinity] @ http://localhost:8505/static/js/7612.3f409b56.chunk.js:1
[    2893ms] [WARNING] WARN Infinite extent for field "Date": [Infinity, -Infinity] @ http://localhost:8505/static/js/7612.3f409b56.chunk.js:1
[    2893ms] [WARNING] WARN Infinite extent for field "Date": [Infinity, -Infinity] @ http://localhost:8505/static/js/7612.3f409b56.chunk.js:1
[    2893ms] [WARNING] WARN Infinite extent for field "Value": [Infinity, -Infinity] @ http://localhost:8505/static/js/7612.3f409b56.chunk.js:1
[    2893ms] [WARNING] WARN Infinite extent for field "Value": [Infinity, -Infinity] @ http://localhost:8505/static/js/7612.3f409b56.chunk.js:1
[    2895ms] [WARNING] WARN Scale bindings are currently only supported for scales with unbinned, continuous domains. @ http://localhost:8505/static/js/7612.3f409b56.chunk.js:1
[    2898ms] [WARNING] WARN Infinite extent for field "Projected Usage_start": [Infinity, -Infinity] @ http://localhost:8505/static/js/7612.3f409b56.chunk.js:1
[    2898ms] [WARNING] WARN Infinite extent for field "Projected Usage_end": [Infinity, -Infinity] @ http://localhost:8505/static/js/7612.3f409b56.chunk.js:1
[    2903ms] [WARNING] WARN Infinite extent for field "Date": [Infinity, -Infinity] @ http://localhost:8505/static/js/7612.3f409b56.chunk.js:1
[    2903ms] [WARNING] WARN Infinite extent for field "Date": [Infinity, -Infinity] @ http://localhost:8505/static/js/7612.3f409b56.chunk.js:1
[    2903ms] [WARNING] WARN Infinite extent for field "Date": [Infinity, -Infinity] @ http://localhost:8505/static/js/7612.3f409b56.chunk.js:1
[    2903ms] [WARNING] WARN Infinite extent for field "Value": [Infinity, -Infinity] @ http://localhost:8505/static/js/7612.3f409b56.chunk.js:1
[    2903ms] [WARNING] WARN Infinite extent for field "Value": [Infinity, -Infinity] @ http://localhost:8505/static/js/7612.3f409b56.chunk.js:1
[    2904ms] [WARNING] WARN Scale bindings are currently only supported for scales with unbinned, continuous domains. @ http://localhost:8505/static/js/7612.3f409b56.chunk.js:1
[    2907ms] [WARNING] WARN Infinite extent for field "Estimated Value_start": [Infinity, -Infinity] @ http://localhost:8505/static/js/7612.3f409b56.chunk.js:1
[    2907ms] [WARNING] WARN Infinite extent for field "Estimated Value_end": [Infinity, -Infinity] @ http://localhost:8505/static/js/7612.3f409b56.chunk.js:1
[    2912ms] [WARNING] WARN Infinite extent for field "Date": [Infinity, -Infinity] @ http://localhost:8505/static/js/7612.3f409b56.chunk.js:1
[    2923ms] [WARNING] WARN Infinite extent for field "Date": [Infinity, -Infinity] @ http://localhost:8505/static/js/7612.3f409b56.chunk.js:1
[    2941ms] [WARNING] WARN Infinite extent for field "Date": [Infinity, -Infinity] @ http://localhost:8505/static/js/7612.3f409b56.chunk.js:1
[    2988ms] [WARNING] WARN Scale bindings are currently only supported for scales with unbinned, continuous domains. @ http://localhost:8505/static/js/7612.3f409b56.chunk.js:1
[    2991ms] [WARNING] WARN Infinite extent for field "Historical Demand_start": [Infinity, -Infinity] @ http://localhost:8505/static/js/7612.3f409b56.chunk.js:1
[    2991ms] [WARNING] WARN Infinite extent for field "Historical Demand_end": [Infinity, -Infinity] @ http://localhost:8505/static/js/7612.3f409b56.chunk.js:1
